INFO:Created Employee: John Smith - John.Smith@email.com
INFO:Created Employee: Corey Schafer - Corey.Schafer@email.com
INFO:Created Employee: Jane Doe - Jane.Doe@email.com
INFO:Created Employee: John Smith - John.Smith@email.com
INFO:Created Employee: Corey Schafer - Corey.Schafer@email.com
INFO:Created Employee: Jane Doe - Jane.Doe@email.com
WARNING:sub:5 - 10= -5
WARNING:div:5 / 10 = 0.5
WARNING:add:5 + 10= 15
WARNING:mult:5 * 10 = 50
INFO:Created Employee: John Smith - John.Smith@email.com
INFO:Created Employee: Corey Schafer - Corey.Schafer@email.com
INFO:Created Employee: Jane Doe - Jane.Doe@email.com
WARNING:sub:5 - 10= -5
WARNING:div:5 / 10 = 0.5
WARNING:add:5 + 10= 15
WARNING:mult:5 * 10 = 50
INFO:Created Employee: John Smith - John.Smith@email.com
INFO:Created Employee: Corey Schafer - Corey.Schafer@email.com
INFO:Created Employee: Jane Doe - Jane.Doe@email.com
WARNING:sub:5 - 10= -5
WARNING:div:5 / 10 = 0.5
WARNING:add:5 + 10= 15
WARNING:mult:5 * 10 = 50
INFO:Created Employee: John Smith - John.Smith@email.com
INFO:Created Employee: Corey Schafer - Corey.Schafer@email.com
INFO:Created Employee: Jane Doe - Jane.Doe@email.com
INFO:Created Employee: John Smith - John.Smith@email.com
INFO:Created Employee: Corey Schafer - Corey.Schafer@email.com
INFO:Created Employee: Jane Doe - Jane.Doe@email.com
WARNING:sub:5 - 10= -5
WARNING:div:5 / 10 = 0.5
WARNING:add:5 + 10= 15
WARNING:mult:5 * 10 = 50
INFO:Created Employee: John Smith - John.Smith@email.com
INFO:Created Employee: Corey Schafer - Corey.Schafer@email.com
INFO:Created Employee: Jane Doe - Jane.Doe@email.com
WARNING:sub:5 - 10= -5
WARNING:div:5 / 10 = 0.5
WARNING:add:5 + 10= 15
WARNING:mult:5 * 10 = 50
INFO:Created Employee: John Smith - John.Smith@email.com
INFO:Created Employee: Corey Schafer - Corey.Schafer@email.com
INFO:Created Employee: Jane Doe - Jane.Doe@email.com
WARNING:sub:5 - 10= -5
WARNING:div:5 / 10 = 0.5
WARNING:add:5 + 10= 15
WARNING:mult:5 * 10 = 50
INFO:Created Employee: John Smith - John.Smith@email.com
INFO:Created Employee: Corey Schafer - Corey.Schafer@email.com
INFO:Created Employee: Jane Doe - Jane.Doe@email.com
INFO:Created Employee: John Smith - John.Smith@email.com
INFO:Created Employee: Corey Schafer - Corey.Schafer@email.com
INFO:Created Employee: Jane Doe - Jane.Doe@email.com
INFO:__main__:Created Employee: John Smith - John.Smith@email.com
INFO:__main__:Created Employee: Corey Schafer - Corey.Schafer@email.com
INFO:__main__:Created Employee: Jane Doe - Jane.Doe@email.com
2021-02-02 19:10:46,193: INFO: __main__: Created Employee: John Smith - John.Smith@email.com
2021-02-02 19:10:46,193: INFO: __main__: Created Employee: Corey Schafer - Corey.Schafer@email.com
2021-02-02 19:10:46,193: INFO: __main__: Created Employee: Jane Doe - Jane.Doe@email.com
2021-02-02 19:11:07,329: INFO: employee: Created Employee: John Smith - John.Smith@email.com
2021-02-02 19:11:07,329: INFO: employee: Created Employee: Corey Schafer - Corey.Schafer@email.com
2021-02-02 19:11:07,329: INFO: employee: Created Employee: Jane Doe - Jane.Doe@email.com
2021-02-02 19:12:44,410: INFO: employee: Created Employee: John Smith - John.Smith@email.com
2021-02-02 19:12:44,410: INFO: employee: Created Employee: Corey Schafer - Corey.Schafer@email.com
2021-02-02 19:12:44,410: INFO: employee: Created Employee: Jane Doe - Jane.Doe@email.com
2021-02-02 19:13:15,289: INFO: __main__: Created Employee: John Smith - John.Smith@email.com
2021-02-02 19:13:15,289: INFO: __main__: Created Employee: Corey Schafer - Corey.Schafer@email.com
2021-02-02 19:13:15,289: INFO: __main__: Created Employee: Jane Doe - Jane.Doe@email.com
2021-02-02 19:13:29,212: INFO: __main__: Created Employee: John Smith - John.Smith@email.com
2021-02-02 19:13:29,212: INFO: __main__: Created Employee: Corey Schafer - Corey.Schafer@email.com
2021-02-02 19:13:29,213: INFO: __main__: Created Employee: Jane Doe - Jane.Doe@email.com


2021-02-02 19:16:02,397: INFO: employee: Created Employee: John Smith - John.Smith@email.com
#above line explanation regarding INFO.employee: on calc.py we have imported employee module. when you run calc you will
#get INFO like 2021-02-02 19:16:02,397: "INFO: employee: Created Employee:" John Smith - John.Smith@email.com
#this happened before we import that 5 line logging code.




2021-02-02 19:16:02,397: INFO: employee: Created Employee: Corey Schafer - Corey.Schafer@email.com
2021-02-02 19:16:02,397: INFO: employee: Created Employee: Jane Doe - Jane.Doe@email.com
2021-02-02 19:16:29,387: INFO: __main__: Created Employee: John Smith - John.Smith@email.com
2021-02-02 19:16:29,387: INFO: __main__: Created Employee: Corey Schafer - Corey.Schafer@email.com
2021-02-02 19:16:29,387: INFO: __main__: Created Employee: Jane Doe - Jane.Doe@email.com
2021-02-02 19:19:41,307: INFO: __main__: Created Employee: John Smith - John.Smith@email.com
2021-02-02 19:19:41,307: INFO: __main__: Created Employee: Corey Schafer - Corey.Schafer@email.com
2021-02-02 19:19:41,307: INFO: __main__: Created Employee: Jane Doe - Jane.Doe@email.com
on regarding INFO: __main__: Created Employee: which means we are running directly from employee file2021-02-02 19:24:01,981: INFO: __main__: Created Employee: John Smith - John.Smith@email.com#above line explanati
2021-02-02 19:24:01,981: INFO: __main__: Created Employee: Corey Schafer - Corey.Schafer@email.com
2021-02-02 19:24:01,981: INFO: __main__: Created Employee: Jane Doe - Jane.Doe@email.com
2021-02-02 19:24:27,693: INFO: employee: Created Employee: John Smith - John.Smith@email.com
2021-02-02 19:24:27,694: INFO: employee: Created Employee: Corey Schafer - Corey.Schafer@email.com
2021-02-02 19:24:27,694: INFO: employee: Created Employee: Jane Doe - Jane.Doe@email.com
2021-02-02 19:25:47,006: INFO: employee: Created Employee: John Smith - John.Smith@email.com
2021-02-02 19:25:47,006: INFO: employee: Created Employee: Corey Schafer - Corey.Schafer@email.com
2021-02-02 19:25:47,006: INFO: employee: Created Employee: Jane Doe - Jane.Doe@email.com
2021-02-02 19:25:55,237: INFO: employee: Created Employee: John Smith - John.Smith@email.com
2021-02-02 19:25:55,237: INFO: employee: Created Employee: Corey Schafer - Corey.Schafer@email.com
2021-02-02 19:25:55,237: INFO: employee: Created Employee: Jane Doe - Jane.Doe@email.com
2021-02-02 19:26:35,728: INFO: employee: Created Employee: John Smith - John.Smith@email.com
2021-02-02 19:26:35,728: INFO: employee: Created Employee: Corey Schafer - Corey.Schafer@email.com
2021-02-02 19:26:35,728: INFO: employee: Created Employee: Jane Doe - Jane.Doe@email.com
2021-02-02 19:26:53,662: INFO: employee: Created Employee: John Smith - John.Smith@email.com
2021-02-02 19:26:53,662: INFO: employee: Created Employee: Corey Schafer - Corey.Schafer@email.com
2021-02-02 19:26:53,662: INFO: employee: Created Employee: Jane Doe - Jane.Doe@email.com
2021-02-02 19:28:49,548: INFO: employee: Created Employee: John Smith - John.Smith@email.com
2021-02-02 19:28:49,548: INFO: employee: Created Employee: Corey Schafer - Corey.Schafer@email.com
2021-02-02 19:28:49,548: INFO: employee: Created Employee: Jane Doe - Jane.Doe@email.com
2021-02-02 19:37:39,559: INFO: employee: Created Employee: John Smith - John.Smith@email.com
2021-02-02 19:37:39,559: INFO: employee: Created Employee: Corey Schafer - Corey.Schafer@email.com
2021-02-02 19:37:39,560: INFO: employee: Created Employee: Jane Doe - Jane.Doe@email.com
2021-02-02 19:37:44,271: INFO: employee: Created Employee: John Smith - John.Smith@email.com
2021-02-02 19:37:44,272: INFO: employee: Created Employee: Corey Schafer - Corey.Schafer@email.com
2021-02-02 19:37:44,272: INFO: employee: Created Employee: Jane Doe - Jane.Doe@email.com
2021-02-02 19:38:18,114: INFO: employee: Created Employee: John Smith - John.Smith@email.com
2021-02-02 19:38:18,114: INFO: employee: Created Employee: Corey Schafer - Corey.Schafer@email.com
2021-02-02 19:38:18,114: INFO: employee: Created Employee: Jane Doe - Jane.Doe@email.com
2021-02-02 19:48:20,063: INFO: employee: Created Employee: John Smith - John.Smith@email.com
2021-02-02 19:48:20,063: INFO: employee: Created Employee: Corey Schafer - Corey.Schafer@email.com
2021-02-02 19:48:20,063: INFO: employee: Created Employee: Jane Doe - Jane.Doe@email.com
2021-02-02 20:01:16,141: INFO: employee: Created Employee: John Smith - John.Smith@email.com
2021-02-02 20:01:16,141: INFO: employee: Created Employee: Corey Schafer - Corey.Schafer@email.com
2021-02-02 20:01:16,141: INFO: employee: Created Employee: Jane Doe - Jane.Doe@email.com
2021-02-02 20:01:41,544: INFO: employee: Created Employee: John Smith - John.Smith@email.com
2021-02-02 20:01:41,544: INFO: employee: Created Employee: Corey Schafer - Corey.Schafer@email.com
2021-02-02 20:01:41,544: INFO: employee: Created Employee: Jane Doe - Jane.Doe@email.com
2021-02-05 15:39:08,901: INFO: employee: Created Employee: John Smith - John.Smith@email.com
2021-02-05 15:39:08,907: INFO: employee: Created Employee: Corey Schafer - Corey.Schafer@email.com
2021-02-05 15:39:08,907: INFO: employee: Created Employee: Jane Doe - Jane.Doe@email.com
